{"/Users/albertmontolio/Documents/coding_area/interviews/koerber/images-transformer/src/main.ts": {"path":"/Users/albertmontolio/Documents/coding_area/interviews/koerber/images-transformer/src/main.ts","statementMap":{"0":{"start":{"line":1,"column":0},"end":{"line":1,"column":30}},"1":{"start":{"line":2,"column":0},"end":{"line":2,"column":23}},"2":{"start":{"line":3,"column":0},"end":{"line":3,"column":28}},"3":{"start":{"line":5,"column":0},"end":{"line":5,"column":53}},"4":{"start":{"line":6,"column":0},"end":{"line":6,"column":64}},"5":{"start":{"line":7,"column":0},"end":{"line":7,"column":49}},"6":{"start":{"line":9,"column":0},"end":{"line":9,"column":101}},"7":{"start":{"line":10,"column":0},"end":{"line":10,"column":101}},"8":{"start":{"line":11,"column":0},"end":{"line":11,"column":58}},"9":{"start":{"line":12,"column":0},"end":{"line":12,"column":71}},"10":{"start":{"line":14,"column":0},"end":{"line":14,"column":16}},"11":{"start":{"line":17,"column":22},"end":{"line":17,"column":42}},"12":{"start":{"line":18,"column":0},"end":{"line":18,"column":43}},"13":{"start":{"line":21,"column":0},"end":{"line":24,"column":3}},"14":{"start":{"line":26,"column":12},"end":{"line":26,"column":21}},"15":{"start":{"line":70,"column":9},"end":{"line":70,"column":12}},"16":{"start":{"line":27,"column":0},"end":{"line":27,"column":24}},"17":{"start":{"line":31,"column":0},"end":{"line":31,"column":52}},"18":{"start":{"line":33,"column":0},"end":{"line":37,"column":3}},"19":{"start":{"line":34,"column":4},"end":{"line":34,"column":54}},"20":{"start":{"line":36,"column":4},"end":{"line":36,"column":27}},"21":{"start":{"line":39,"column":0},"end":{"line":39,"column":33}},"22":{"start":{"line":41,"column":0},"end":{"line":44,"column":3}},"23":{"start":{"line":42,"column":18},"end":{"line":42,"column":56}},"24":{"start":{"line":43,"column":4},"end":{"line":43,"column":20}},"25":{"start":{"line":46,"column":0},"end":{"line":49,"column":3}},"26":{"start":{"line":47,"column":4},"end":{"line":47,"column":null}},"27":{"start":{"line":48,"column":4},"end":{"line":48,"column":15}},"28":{"start":{"line":51,"column":29},"end":{"line":51,"column":73}},"29":{"start":{"line":51,"column":43},"end":{"line":51,"column":73}},"30":{"start":{"line":51,"column":13},"end":{"line":51,"column":29}},"31":{"start":{"line":53,"column":27},"end":{"line":66,"column":1}},"32":{"start":{"line":54,"column":17},"end":{"line":54,"column":41}},"33":{"start":{"line":55,"column":24},"end":{"line":55,"column":39}},"34":{"start":{"line":57,"column":4},"end":{"line":59,"column":8}},"35":{"start":{"line":61,"column":19},"end":{"line":63,"column":6}},"36":{"start":{"line":62,"column":8},"end":{"line":62,"column":null}},"37":{"start":{"line":65,"column":4},"end":{"line":65,"column":18}},"38":{"start":{"line":53,"column":13},"end":{"line":53,"column":27}},"39":{"start":{"line":68,"column":15},"end":{"line":68,"column":28}},"40":{"start":{"line":70,"column":14},"end":{"line":70,"column":20}},"41":{"start":{"line":72,"column":24},"end":{"line":89,"column":1}},"42":{"start":{"line":73,"column":4},"end":{"line":73,"column":47}},"43":{"start":{"line":75,"column":4},"end":{"line":88,"column":5}},"44":{"start":{"line":76,"column":8},"end":{"line":76,"column":47}},"45":{"start":{"line":77,"column":8},"end":{"line":77,"column":47}},"46":{"start":{"line":78,"column":8},"end":{"line":78,"column":38}},"47":{"start":{"line":80,"column":8},"end":{"line":83,"column":11}},"48":{"start":{"line":81,"column":12},"end":{"line":81,"column":47}},"49":{"start":{"line":82,"column":12},"end":{"line":82,"column":28}},"50":{"start":{"line":86,"column":8},"end":{"line":86,"column":55}},"51":{"start":{"line":87,"column":8},"end":{"line":87,"column":24}},"52":{"start":{"line":72,"column":13},"end":{"line":72,"column":24}},"53":{"start":{"line":91,"column":0},"end":{"line":91,"column":31}},"54":{"start":{"line":92,"column":0},"end":{"line":92,"column":32}}},"fnMap":{"0":{"name":"(anonymous_1)","decl":{"start":{"line":33,"column":21},"end":{"line":33,"column":26}},"loc":{"start":{"line":33,"column":41},"end":{"line":37,"column":1}}},"1":{"name":"(anonymous_2)","decl":{"start":{"line":41,"column":18},"end":{"line":41,"column":23}},"loc":{"start":{"line":41,"column":38},"end":{"line":44,"column":1}}},"2":{"name":"(anonymous_3)","decl":{"start":{"line":46,"column":19},"end":{"line":46,"column":24}},"loc":{"start":{"line":46,"column":39},"end":{"line":49,"column":1}}},"3":{"name":"(anonymous_4)","decl":{"start":{"line":51,"column":29},"end":{"line":51,"column":40}},"loc":{"start":{"line":51,"column":43},"end":{"line":51,"column":73}}},"4":{"name":"(anonymous_5)","decl":{"start":{"line":53,"column":27},"end":{"line":53,"column":30}},"loc":{"start":{"line":53,"column":32},"end":{"line":66,"column":1}}},"5":{"name":"(anonymous_6)","decl":{"start":{"line":61,"column":36},"end":{"line":61,"column":39}},"loc":{"start":{"line":61,"column":41},"end":{"line":63,"column":5}}},"6":{"name":"(anonymous_7)","decl":{"start":{"line":72,"column":24},"end":{"line":72,"column":29}},"loc":{"start":{"line":72,"column":35},"end":{"line":89,"column":1}}},"7":{"name":"(anonymous_8)","decl":{"start":{"line":80,"column":21},"end":{"line":80,"column":24}},"loc":{"start":{"line":80,"column":26},"end":{"line":83,"column":9}}}},"branchMap":{"0":{"loc":{"start":{"line":51,"column":43},"end":{"line":51,"column":73}},"type":"binary-expr","locations":[{"start":{"line":51,"column":43},"end":{"line":51,"column":66}},{"start":{"line":51,"column":70},"end":{"line":51,"column":73}}]},"1":{"loc":{"start":{"line":54,"column":17},"end":{"line":54,"column":41}},"type":"binary-expr","locations":[{"start":{"line":54,"column":17},"end":{"line":54,"column":33}},{"start":{"line":54,"column":37},"end":{"line":54,"column":41}}]}},"s":{"0":1,"1":1,"2":1,"3":1,"4":1,"5":1,"6":1,"7":1,"8":1,"9":1,"10":1,"11":1,"12":1,"13":1,"14":1,"15":1,"16":1,"17":1,"18":1,"19":1,"20":1,"21":1,"22":1,"23":1,"24":1,"25":1,"26":1,"27":1,"28":1,"29":5,"30":1,"31":1,"32":3,"33":3,"34":3,"35":3,"36":3,"37":3,"38":1,"39":1,"40":1,"41":1,"42":2,"43":2,"44":2,"45":1,"46":1,"47":1,"48":1,"49":1,"50":1,"51":1,"52":1,"53":1,"54":1},"f":{"0":1,"1":1,"2":1,"3":5,"4":3,"5":3,"6":2,"7":1},"b":{"0":[5,3],"1":[3,1]}}
,"/Users/albertmontolio/Documents/coding_area/interviews/koerber/images-transformer/src/image/application/use-cases/categorize-images.use-case.ts": {"path":"/Users/albertmontolio/Documents/coding_area/interviews/koerber/images-transformer/src/image/application/use-cases/categorize-images.use-case.ts","statementMap":{"0":{"start":{"line":1,"column":0},"end":{"line":1,"column":99}},"1":{"start":{"line":2,"column":0},"end":{"line":2,"column":82}},"2":{"start":{"line":5,"column":0},"end":{"line":5,"column":24}},"3":{"start":{"line":6,"column":0},"end":{"line":6,"column":46}},"4":{"start":{"line":7,"column":0},"end":{"line":7,"column":100}},"5":{"start":{"line":13,"column":4},"end":{"line":13,"column":null}},"6":{"start":{"line":17,"column":4},"end":{"line":22,"column":5}},"7":{"start":{"line":18,"column":22},"end":{"line":18,"column":30}},"8":{"start":{"line":19,"column":24},"end":{"line":19,"column":34}},"9":{"start":{"line":20,"column":24},"end":{"line":20,"column":60}},"10":{"start":{"line":21,"column":6},"end":{"line":21,"column":null}},"11":{"start":{"line":32,"column":4},"end":{"line":32,"column":null}},"12":{"start":{"line":33,"column":4},"end":{"line":46,"column":5}},"13":{"start":{"line":34,"column":45},"end":{"line":37,"column":8}},"14":{"start":{"line":39,"column":6},"end":{"line":39,"column":67}},"15":{"start":{"line":40,"column":6},"end":{"line":43,"column":null}},"16":{"start":{"line":45,"column":6},"end":{"line":45,"column":47}},"17":{"start":{"line":9,"column":0},"end":{"line":9,"column":13}}},"fnMap":{"0":{"name":"(anonymous_1)","decl":{"start":{"line":12,"column":2},"end":{"line":12,"column":null}},"loc":{"start":{"line":12,"column":2},"end":{"line":14,"column":3}}},"1":{"name":"(anonymous_2)","decl":{"start":{"line":16,"column":2},"end":{"line":16,"column":7}},"loc":{"start":{"line":16,"column":31},"end":{"line":23,"column":3}}},"2":{"name":"(anonymous_3)","decl":{"start":{"line":25,"column":10},"end":{"line":25,"column":15}},"loc":{"start":{"line":31,"column":3},"end":{"line":47,"column":3}}}},"branchMap":{},"s":{"0":2,"1":2,"2":2,"3":2,"4":2,"5":4,"6":3,"7":5,"8":5,"9":5,"10":5,"11":5,"12":5,"13":5,"14":5,"15":4,"16":1,"17":2},"f":{"0":4,"1":3,"2":5},"b":{}}
,"/Users/albertmontolio/Documents/coding_area/interviews/koerber/images-transformer/src/image/application/use-cases/create-images-in-db.use-case.ts": {"path":"/Users/albertmontolio/Documents/coding_area/interviews/koerber/images-transformer/src/image/application/use-cases/create-images-in-db.use-case.ts","statementMap":{"0":{"start":{"line":1,"column":0},"end":{"line":1,"column":85}},"1":{"start":{"line":7,"column":4},"end":{"line":7,"column":null}},"2":{"start":{"line":10,"column":19},"end":{"line":10,"column":21}},"3":{"start":{"line":11,"column":4},"end":{"line":14,"column":5}},"4":{"start":{"line":12,"column":20},"end":{"line":12,"column":64}},"5":{"start":{"line":13,"column":6},"end":{"line":13,"column":null}},"6":{"start":{"line":16,"column":4},"end":{"line":16,"column":18}},"7":{"start":{"line":3,"column":0},"end":{"line":3,"column":13}}},"fnMap":{"0":{"name":"(anonymous_0)","decl":{"start":{"line":6,"column":2},"end":{"line":6,"column":null}},"loc":{"start":{"line":6,"column":2},"end":{"line":8,"column":3}}},"1":{"name":"(anonymous_1)","decl":{"start":{"line":9,"column":2},"end":{"line":9,"column":7}},"loc":{"start":{"line":9,"column":36},"end":{"line":17,"column":3}}}},"branchMap":{},"s":{"0":2,"1":2,"2":1,"3":1,"4":2,"5":2,"6":1,"7":2},"f":{"0":2,"1":1},"b":{}}
,"/Users/albertmontolio/Documents/coding_area/interviews/koerber/images-transformer/src/image/application/use-cases/detect-objects.use-case.ts": {"path":"/Users/albertmontolio/Documents/coding_area/interviews/koerber/images-transformer/src/image/application/use-cases/detect-objects.use-case.ts","statementMap":{"0":{"start":{"line":2,"column":0},"end":{"line":2,"column":93}},"1":{"start":{"line":3,"column":0},"end":{"line":3,"column":105}},"2":{"start":{"line":4,"column":0},"end":{"line":4,"column":81}},"3":{"start":{"line":13,"column":4},"end":{"line":13,"column":null}},"4":{"start":{"line":14,"column":4},"end":{"line":14,"column":null}},"5":{"start":{"line":15,"column":4},"end":{"line":15,"column":null}},"6":{"start":{"line":18,"column":4},"end":{"line":49,"column":5}},"7":{"start":{"line":19,"column":22},"end":{"line":19,"column":30}},"8":{"start":{"line":21,"column":26},"end":{"line":21,"column":72}},"9":{"start":{"line":23,"column":6},"end":{"line":25,"column":7}},"10":{"start":{"line":24,"column":8},"end":{"line":24,"column":14}},"11":{"start":{"line":27,"column":28},"end":{"line":27,"column":39}},"12":{"start":{"line":28,"column":29},"end":{"line":28,"column":41}},"13":{"start":{"line":30,"column":23},"end":{"line":30,"column":26}},"14":{"start":{"line":31,"column":21},"end":{"line":31,"column":45}},"15":{"start":{"line":32,"column":21},"end":{"line":32,"column":46}},"16":{"start":{"line":34,"column":6},"end":{"line":46,"column":7}},"17":{"start":{"line":35,"column":34},"end":{"line":35,"column":44}},"18":{"start":{"line":35,"column":29},"end":{"line":35,"column":34}},"19":{"start":{"line":36,"column":38},"end":{"line":36,"column":42}},"20":{"start":{"line":37,"column":19},"end":{"line":42,"column":null}},"21":{"start":{"line":45,"column":8},"end":{"line":45,"column":null}},"22":{"start":{"line":48,"column":6},"end":{"line":48,"column":null}},"23":{"start":{"line":7,"column":0},"end":{"line":7,"column":13}}},"fnMap":{"0":{"name":"(anonymous_1)","decl":{"start":{"line":12,"column":2},"end":{"line":12,"column":null}},"loc":{"start":{"line":12,"column":2},"end":{"line":16,"column":3}}},"1":{"name":"(anonymous_2)","decl":{"start":{"line":17,"column":2},"end":{"line":17,"column":7}},"loc":{"start":{"line":17,"column":44},"end":{"line":50,"column":3}}}},"branchMap":{"0":{"loc":{"start":{"line":23,"column":6},"end":{"line":25,"column":7}},"type":"if","locations":[{"start":{"line":23,"column":6},"end":{"line":25,"column":7}}]}},"s":{"0":2,"1":2,"2":2,"3":4,"4":4,"5":4,"6":3,"7":5,"8":5,"9":5,"10":1,"11":4,"12":4,"13":4,"14":4,"15":4,"16":4,"17":8,"18":8,"19":8,"20":8,"21":8,"22":4,"23":2},"f":{"0":4,"1":3},"b":{"0":[1]}}
,"/Users/albertmontolio/Documents/coding_area/interviews/koerber/images-transformer/src/image/application/use-cases/draw-objects-into-image.use-case.ts": {"path":"/Users/albertmontolio/Documents/coding_area/interviews/koerber/images-transformer/src/image/application/use-cases/draw-objects-into-image.use-case.ts","statementMap":{"0":{"start":{"line":2,"column":0},"end":{"line":2,"column":26}},"1":{"start":{"line":3,"column":0},"end":{"line":3,"column":24}},"2":{"start":{"line":4,"column":0},"end":{"line":4,"column":63}},"3":{"start":{"line":9,"column":22},"end":{"line":9,"column":59}},"4":{"start":{"line":11,"column":28},"end":{"line":11,"column":49}},"5":{"start":{"line":13,"column":26},"end":{"line":13,"column":37}},"6":{"start":{"line":14,"column":27},"end":{"line":14,"column":39}},"7":{"start":{"line":16,"column":26},"end":{"line":16,"column":64}},"8":{"start":{"line":18,"column":21},"end":{"line":22,"column":6}},"9":{"start":{"line":24,"column":21},"end":{"line":24,"column":31}},"10":{"start":{"line":25,"column":27},"end":{"line":25,"column":82}},"11":{"start":{"line":28,"column":4},"end":{"line":30,"column":30}},"12":{"start":{"line":34,"column":21},"end":{"line":58,"column":15}},"13":{"start":{"line":36,"column":38},"end":{"line":36,"column":48}},"14":{"start":{"line":37,"column":8},"end":{"line":56,"column":10}},"15":{"start":{"line":60,"column":4},"end":{"line":60,"column":20}},"16":{"start":{"line":7,"column":0},"end":{"line":7,"column":13}}},"fnMap":{"0":{"name":"(anonymous_1)","decl":{"start":{"line":8,"column":2},"end":{"line":8,"column":7}},"loc":{"start":{"line":8,"column":41},"end":{"line":31,"column":3}}},"1":{"name":"(anonymous_2)","decl":{"start":{"line":33,"column":10},"end":{"line":33,"column":26}},"loc":{"start":{"line":33,"column":60},"end":{"line":61,"column":3}}},"2":{"name":"(anonymous_3)","decl":{"start":{"line":35,"column":11},"end":{"line":35,"column":12}},"loc":{"start":{"line":35,"column":26},"end":{"line":57,"column":7}}}},"branchMap":{},"s":{"0":3,"1":3,"2":3,"3":2,"4":2,"5":2,"6":2,"7":2,"8":2,"9":2,"10":2,"11":2,"12":3,"13":2,"14":2,"15":3,"16":3},"f":{"0":2,"1":3,"2":2},"b":{}}
,"/Users/albertmontolio/Documents/coding_area/interviews/koerber/images-transformer/src/image/application/use-cases/get-stats.use-case.ts": {"path":"/Users/albertmontolio/Documents/coding_area/interviews/koerber/images-transformer/src/image/application/use-cases/get-stats.use-case.ts","statementMap":{"0":{"start":{"line":3,"column":4},"end":{"line":5,"column":null}},"1":{"start":{"line":1,"column":0},"end":{"line":1,"column":13}}},"fnMap":{"0":{"name":"(anonymous_0)","decl":{"start":{"line":2,"column":2},"end":{"line":2,"column":9}},"loc":{"start":{"line":2,"column":9},"end":{"line":6,"column":3}}}},"branchMap":{},"s":{"0":0,"1":1},"f":{"0":0},"b":{}}
,"/Users/albertmontolio/Documents/coding_area/interviews/koerber/images-transformer/src/image/application/use-cases/process-images.use-case.ts": {"path":"/Users/albertmontolio/Documents/coding_area/interviews/koerber/images-transformer/src/image/application/use-cases/process-images.use-case.ts","statementMap":{"0":{"start":{"line":1,"column":0},"end":{"line":1,"column":73}},"1":{"start":{"line":2,"column":0},"end":{"line":2,"column":59}},"2":{"start":{"line":3,"column":0},"end":{"line":3,"column":71}},"3":{"start":{"line":4,"column":0},"end":{"line":4,"column":69}},"4":{"start":{"line":5,"column":0},"end":{"line":5,"column":65}},"5":{"start":{"line":6,"column":0},"end":{"line":6,"column":70}},"6":{"start":{"line":7,"column":0},"end":{"line":7,"column":24}},"7":{"start":{"line":8,"column":0},"end":{"line":8,"column":28}},"8":{"start":{"line":9,"column":0},"end":{"line":9,"column":50}},"9":{"start":{"line":10,"column":0},"end":{"line":10,"column":16}},"10":{"start":{"line":21,"column":4},"end":{"line":21,"column":53}},"11":{"start":{"line":22,"column":4},"end":{"line":22,"column":63}},"12":{"start":{"line":23,"column":4},"end":{"line":23,"column":null}},"13":{"start":{"line":24,"column":4},"end":{"line":24,"column":null}},"14":{"start":{"line":25,"column":4},"end":{"line":25,"column":null}},"15":{"start":{"line":26,"column":4},"end":{"line":26,"column":null}},"16":{"start":{"line":33,"column":29},"end":{"line":33,"column":72}},"17":{"start":{"line":34,"column":4},"end":{"line":34,"column":null}},"18":{"start":{"line":35,"column":29},"end":{"line":37,"column":6}},"19":{"start":{"line":36,"column":6},"end":{"line":36,"column":58}},"20":{"start":{"line":38,"column":4},"end":{"line":38,"column":null}},"21":{"start":{"line":39,"column":4},"end":{"line":39,"column":null}},"22":{"start":{"line":41,"column":19},"end":{"line":41,"column":79}},"23":{"start":{"line":42,"column":4},"end":{"line":42,"column":null}},"24":{"start":{"line":43,"column":4},"end":{"line":43,"column":null}},"25":{"start":{"line":44,"column":4},"end":{"line":47,"column":null}},"26":{"start":{"line":49,"column":4},"end":{"line":49,"column":46}},"27":{"start":{"line":12,"column":0},"end":{"line":12,"column":13}}},"fnMap":{"0":{"name":"(anonymous_1)","decl":{"start":{"line":20,"column":2},"end":{"line":20,"column":null}},"loc":{"start":{"line":20,"column":2},"end":{"line":27,"column":3}}},"1":{"name":"(anonymous_2)","decl":{"start":{"line":29,"column":2},"end":{"line":29,"column":7}},"loc":{"start":{"line":29,"column":15},"end":{"line":50,"column":3}}},"2":{"name":"(anonymous_3)","decl":{"start":{"line":35,"column":50},"end":{"line":35,"column":51}},"loc":{"start":{"line":35,"column":68},"end":{"line":37,"column":5}}}},"branchMap":{},"s":{"0":1,"1":1,"2":1,"3":1,"4":1,"5":1,"6":1,"7":1,"8":1,"9":1,"10":1,"11":1,"12":1,"13":1,"14":1,"15":1,"16":0,"17":0,"18":0,"19":0,"20":0,"21":0,"22":0,"23":0,"24":0,"25":0,"26":0,"27":1},"f":{"0":1,"1":0,"2":0},"b":{}}
,"/Users/albertmontolio/Documents/coding_area/interviews/koerber/images-transformer/src/image/application/use-cases/read-images-names.use-case.ts": {"path":"/Users/albertmontolio/Documents/coding_area/interviews/koerber/images-transformer/src/image/application/use-cases/read-images-names.use-case.ts","statementMap":{"0":{"start":{"line":1,"column":0},"end":{"line":1,"column":26}},"1":{"start":{"line":2,"column":0},"end":{"line":2,"column":24}},"2":{"start":{"line":3,"column":0},"end":{"line":3,"column":40}},"3":{"start":{"line":4,"column":0},"end":{"line":4,"column":36}},"4":{"start":{"line":5,"column":0},"end":{"line":5,"column":46}},"5":{"start":{"line":6,"column":0},"end":{"line":6,"column":28}},"6":{"start":{"line":7,"column":0},"end":{"line":7,"column":16}},"7":{"start":{"line":9,"column":35},"end":{"line":9,"column":94}},"8":{"start":{"line":13,"column":22},"end":{"line":13,"column":36}},"9":{"start":{"line":14,"column":28},"end":{"line":14,"column":62}},"10":{"start":{"line":16,"column":4},"end":{"line":18,"column":5}},"11":{"start":{"line":17,"column":6},"end":{"line":17,"column":18}},"12":{"start":{"line":19,"column":4},"end":{"line":19,"column":null}},"13":{"start":{"line":20,"column":28},"end":{"line":20,"column":55}},"14":{"start":{"line":21,"column":4},"end":{"line":21,"column":null}},"15":{"start":{"line":23,"column":4},"end":{"line":25,"column":null}},"16":{"start":{"line":24,"column":22},"end":{"line":24,"column":54}},"17":{"start":{"line":27,"column":33},"end":{"line":28,"column":null}},"18":{"start":{"line":28,"column":6},"end":{"line":28,"column":65}},"19":{"start":{"line":31,"column":4},"end":{"line":31,"column":22}},"20":{"start":{"line":33,"column":34},"end":{"line":33,"column":36}},"21":{"start":{"line":34,"column":4},"end":{"line":52,"column":5}},"22":{"start":{"line":35,"column":32},"end":{"line":35,"column":63}},"23":{"start":{"line":36,"column":6},"end":{"line":36,"column":null}},"24":{"start":{"line":38,"column":6},"end":{"line":51,"column":7}},"25":{"start":{"line":39,"column":27},"end":{"line":39,"column":55}},"26":{"start":{"line":41,"column":35},"end":{"line":41,"column":68}},"27":{"start":{"line":42,"column":8},"end":{"line":48,"column":9}},"28":{"start":{"line":43,"column":23},"end":{"line":43,"column":50}},"29":{"start":{"line":44,"column":28},"end":{"line":44,"column":64}},"30":{"start":{"line":50,"column":8},"end":{"line":50,"column":69}},"31":{"start":{"line":54,"column":4},"end":{"line":54,"column":23}},"32":{"start":{"line":58,"column":4},"end":{"line":64,"column":5}},"33":{"start":{"line":59,"column":30},"end":{"line":59,"column":61}},"34":{"start":{"line":60,"column":6},"end":{"line":60,"column":20}},"35":{"start":{"line":62,"column":6},"end":{"line":62,"column":73}},"36":{"start":{"line":63,"column":6},"end":{"line":63,"column":19}},"37":{"start":{"line":11,"column":0},"end":{"line":11,"column":13}}},"fnMap":{"0":{"name":"(anonymous_1)","decl":{"start":{"line":12,"column":2},"end":{"line":12,"column":7}},"loc":{"start":{"line":12,"column":15},"end":{"line":55,"column":3}}},"1":{"name":"(anonymous_2)","decl":{"start":{"line":23,"column":18},"end":{"line":23,"column":19}},"loc":{"start":{"line":23,"column":27},"end":{"line":25,"column":5}}},"2":{"name":"(anonymous_3)","decl":{"start":{"line":27,"column":46},"end":{"line":27,"column":47}},"loc":{"start":{"line":28,"column":6},"end":{"line":28,"column":65}}},"3":{"name":"(anonymous_4)","decl":{"start":{"line":57,"column":2},"end":{"line":57,"column":7}},"loc":{"start":{"line":57,"column":39},"end":{"line":65,"column":3}}}},"branchMap":{"0":{"loc":{"start":{"line":16,"column":4},"end":{"line":18,"column":5}},"type":"if","locations":[{"start":{"line":16,"column":4},"end":{"line":18,"column":5}}]},"1":{"loc":{"start":{"line":42,"column":8},"end":{"line":48,"column":9}},"type":"if","locations":[{"start":{"line":42,"column":8},"end":{"line":48,"column":9}},{"start":{"line":47,"column":15},"end":{"line":48,"column":9}}]}},"s":{"0":1,"1":1,"2":1,"3":1,"4":1,"5":1,"6":1,"7":1,"8":0,"9":0,"10":0,"11":0,"12":0,"13":0,"14":0,"15":0,"16":0,"17":0,"18":0,"19":0,"20":0,"21":0,"22":0,"23":0,"24":0,"25":0,"26":0,"27":0,"28":0,"29":0,"30":0,"31":0,"32":0,"33":0,"34":0,"35":0,"36":0,"37":1},"f":{"0":0,"1":0,"2":0,"3":0},"b":{"0":[0],"1":[0,0]}}
,"/Users/albertmontolio/Documents/coding_area/interviews/koerber/images-transformer/src/image/application/use-cases/read-images.use-case.ts": {"path":"/Users/albertmontolio/Documents/coding_area/interviews/koerber/images-transformer/src/image/application/use-cases/read-images.use-case.ts","statementMap":{"0":{"start":{"line":1,"column":0},"end":{"line":1,"column":26}},"1":{"start":{"line":2,"column":0},"end":{"line":2,"column":24}},"2":{"start":{"line":3,"column":0},"end":{"line":3,"column":40}},"3":{"start":{"line":4,"column":0},"end":{"line":4,"column":36}},"4":{"start":{"line":5,"column":0},"end":{"line":5,"column":46}},"5":{"start":{"line":6,"column":0},"end":{"line":6,"column":28}},"6":{"start":{"line":7,"column":0},"end":{"line":7,"column":16}},"7":{"start":{"line":9,"column":35},"end":{"line":9,"column":94}},"8":{"start":{"line":13,"column":22},"end":{"line":13,"column":36}},"9":{"start":{"line":14,"column":28},"end":{"line":14,"column":62}},"10":{"start":{"line":16,"column":4},"end":{"line":18,"column":5}},"11":{"start":{"line":17,"column":6},"end":{"line":17,"column":18}},"12":{"start":{"line":19,"column":4},"end":{"line":19,"column":null}},"13":{"start":{"line":20,"column":28},"end":{"line":20,"column":55}},"14":{"start":{"line":21,"column":4},"end":{"line":21,"column":null}},"15":{"start":{"line":23,"column":4},"end":{"line":25,"column":null}},"16":{"start":{"line":24,"column":22},"end":{"line":24,"column":54}},"17":{"start":{"line":27,"column":33},"end":{"line":28,"column":null}},"18":{"start":{"line":28,"column":6},"end":{"line":28,"column":65}},"19":{"start":{"line":31,"column":34},"end":{"line":31,"column":36}},"20":{"start":{"line":32,"column":4},"end":{"line":50,"column":5}},"21":{"start":{"line":33,"column":32},"end":{"line":33,"column":63}},"22":{"start":{"line":34,"column":6},"end":{"line":34,"column":null}},"23":{"start":{"line":36,"column":6},"end":{"line":49,"column":7}},"24":{"start":{"line":37,"column":27},"end":{"line":37,"column":55}},"25":{"start":{"line":39,"column":35},"end":{"line":39,"column":68}},"26":{"start":{"line":40,"column":8},"end":{"line":46,"column":9}},"27":{"start":{"line":41,"column":23},"end":{"line":41,"column":50}},"28":{"start":{"line":42,"column":28},"end":{"line":42,"column":64}},"29":{"start":{"line":48,"column":8},"end":{"line":48,"column":69}},"30":{"start":{"line":52,"column":4},"end":{"line":52,"column":23}},"31":{"start":{"line":56,"column":4},"end":{"line":62,"column":5}},"32":{"start":{"line":57,"column":30},"end":{"line":57,"column":61}},"33":{"start":{"line":58,"column":6},"end":{"line":58,"column":20}},"34":{"start":{"line":60,"column":6},"end":{"line":60,"column":73}},"35":{"start":{"line":61,"column":6},"end":{"line":61,"column":19}},"36":{"start":{"line":11,"column":0},"end":{"line":11,"column":13}}},"fnMap":{"0":{"name":"(anonymous_1)","decl":{"start":{"line":12,"column":2},"end":{"line":12,"column":7}},"loc":{"start":{"line":12,"column":15},"end":{"line":53,"column":3}}},"1":{"name":"(anonymous_2)","decl":{"start":{"line":23,"column":18},"end":{"line":23,"column":19}},"loc":{"start":{"line":23,"column":27},"end":{"line":25,"column":5}}},"2":{"name":"(anonymous_3)","decl":{"start":{"line":27,"column":46},"end":{"line":27,"column":47}},"loc":{"start":{"line":28,"column":6},"end":{"line":28,"column":65}}},"3":{"name":"(anonymous_4)","decl":{"start":{"line":55,"column":2},"end":{"line":55,"column":7}},"loc":{"start":{"line":55,"column":39},"end":{"line":63,"column":3}}}},"branchMap":{"0":{"loc":{"start":{"line":16,"column":4},"end":{"line":18,"column":5}},"type":"if","locations":[{"start":{"line":16,"column":4},"end":{"line":18,"column":5}}]},"1":{"loc":{"start":{"line":40,"column":8},"end":{"line":46,"column":9}},"type":"if","locations":[{"start":{"line":40,"column":8},"end":{"line":46,"column":9}},{"start":{"line":45,"column":15},"end":{"line":46,"column":9}}]}},"s":{"0":1,"1":1,"2":1,"3":1,"4":1,"5":1,"6":1,"7":1,"8":0,"9":0,"10":0,"11":0,"12":0,"13":0,"14":0,"15":0,"16":0,"17":0,"18":0,"19":0,"20":0,"21":0,"22":0,"23":0,"24":0,"25":0,"26":0,"27":0,"28":0,"29":0,"30":0,"31":0,"32":0,"33":0,"34":0,"35":0,"36":1},"f":{"0":0,"1":0,"2":0,"3":0},"b":{"0":[0],"1":[0,0]}}
,"/Users/albertmontolio/Documents/coding_area/interviews/koerber/images-transformer/src/image/application/use-cases/transform-images.use-case.ts": {"path":"/Users/albertmontolio/Documents/coding_area/interviews/koerber/images-transformer/src/image/application/use-cases/transform-images.use-case.ts","statementMap":{"0":{"start":{"line":2,"column":0},"end":{"line":2,"column":98}},"1":{"start":{"line":4,"column":0},"end":{"line":4,"column":24}},"2":{"start":{"line":5,"column":0},"end":{"line":5,"column":46}},"3":{"start":{"line":15,"column":4},"end":{"line":25,"column":5}},"4":{"start":{"line":16,"column":24},"end":{"line":16,"column":38}},"5":{"start":{"line":17,"column":24},"end":{"line":17,"column":56}},"6":{"start":{"line":18,"column":45},"end":{"line":23,"column":null}},"7":{"start":{"line":24,"column":6},"end":{"line":24,"column":null}},"8":{"start":{"line":7,"column":0},"end":{"line":7,"column":13}}},"fnMap":{"0":{"name":"(anonymous_1)","decl":{"start":{"line":8,"column":2},"end":{"line":8,"column":7}},"loc":{"start":{"line":14,"column":3},"end":{"line":26,"column":3}}}},"branchMap":{},"s":{"0":1,"1":1,"2":1,"3":0,"4":0,"5":0,"6":0,"7":0,"8":1},"f":{"0":0},"b":{}}
,"/Users/albertmontolio/Documents/coding_area/interviews/koerber/images-transformer/src/image/domain/errors/categorize-images.use-case.error.ts": {"path":"/Users/albertmontolio/Documents/coding_area/interviews/koerber/images-transformer/src/image/domain/errors/categorize-images.use-case.error.ts","statementMap":{"0":{"start":{"line":1,"column":0},"end":{"line":1,"column":70}},"1":{"start":{"line":8,"column":4},"end":{"line":8,"column":72}},"2":{"start":{"line":9,"column":4},"end":{"line":9,"column":16}},"3":{"start":{"line":4,"column":0},"end":{"line":4,"column":13}},"4":{"start":{"line":5,"column":18},"end":{"line":5,"column":63}}},"fnMap":{"0":{"name":"(anonymous_0)","decl":{"start":{"line":7,"column":2},"end":{"line":7,"column":14}},"loc":{"start":{"line":7,"column":42},"end":{"line":10,"column":3}}}},"branchMap":{"0":{"loc":{"start":{"line":7,"column":14},"end":{"line":7,"column":42}},"type":"default-arg","locations":[{"start":{"line":7,"column":40},"end":{"line":7,"column":42}}]},"1":{"loc":{"start":{"line":8,"column":19},"end":{"line":8,"column":71}},"type":"binary-expr","locations":[{"start":{"line":8,"column":19},"end":{"line":8,"column":31}},{"start":{"line":8,"column":35},"end":{"line":8,"column":71}}]}},"s":{"0":2,"1":1,"2":1,"3":2,"4":2},"f":{"0":1},"b":{"0":[1],"1":[1,1]}}
,"/Users/albertmontolio/Documents/coding_area/interviews/koerber/images-transformer/src/image/infraestructure/prisma/prisma-client.ts": {"path":"/Users/albertmontolio/Documents/coding_area/interviews/koerber/images-transformer/src/image/infraestructure/prisma/prisma-client.ts","statementMap":{"0":{"start":{"line":1,"column":0},"end":{"line":1,"column":46}},"1":{"start":{"line":3,"column":0},"end":{"line":3,"column":null}},"2":{"start":{"line":4,"column":13},"end":{"line":4,"column":41}},"3":{"start":{"line":6,"column":0},"end":{"line":9,"column":3}},"4":{"start":{"line":7,"column":2},"end":{"line":7,"column":29}},"5":{"start":{"line":8,"column":2},"end":{"line":8,"column":18}}},"fnMap":{"0":{"name":"(anonymous_0)","decl":{"start":{"line":6,"column":21},"end":{"line":6,"column":26}},"loc":{"start":{"line":6,"column":32},"end":{"line":9,"column":1}}}},"branchMap":{},"s":{"0":4,"1":4,"2":4,"3":4,"4":0,"5":0},"f":{"0":0},"b":{}}
,"/Users/albertmontolio/Documents/coding_area/interviews/koerber/images-transformer/src/image/infraestructure/queues/image-categorization.queue.ts": {"path":"/Users/albertmontolio/Documents/coding_area/interviews/koerber/images-transformer/src/image/infraestructure/queues/image-categorization.queue.ts","statementMap":{"0":{"start":{"line":1,"column":0},"end":{"line":1,"column":31}},"1":{"start":{"line":2,"column":0},"end":{"line":2,"column":28}},"2":{"start":{"line":3,"column":0},"end":{"line":3,"column":28}},"3":{"start":{"line":5,"column":0},"end":{"line":5,"column":16}},"4":{"start":{"line":7,"column":24},"end":{"line":11,"column":2}},"5":{"start":{"line":24,"column":9},"end":{"line":24,"column":24}},"6":{"start":{"line":16,"column":13},"end":{"line":16,"column":null}},"7":{"start":{"line":19,"column":13},"end":{"line":21,"column":3}}},"fnMap":{},"branchMap":{"0":{"loc":{"start":{"line":8,"column":8},"end":{"line":8,"column":41}},"type":"binary-expr","locations":[{"start":{"line":8,"column":8},"end":{"line":8,"column":30}},{"start":{"line":8,"column":34},"end":{"line":8,"column":41}}]},"1":{"loc":{"start":{"line":9,"column":8},"end":{"line":9,"column":46}},"type":"binary-expr","locations":[{"start":{"line":9,"column":8},"end":{"line":9,"column":38}},{"start":{"line":9,"column":42},"end":{"line":9,"column":46}}]}},"s":{"0":2,"1":2,"2":2,"3":2,"4":2,"5":2,"6":2,"7":2},"f":{},"b":{"0":[2,0],"1":[2,0]}}
,"/Users/albertmontolio/Documents/coding_area/interviews/koerber/images-transformer/src/image/infraestructure/queues/image-transformation.queue.ts": {"path":"/Users/albertmontolio/Documents/coding_area/interviews/koerber/images-transformer/src/image/infraestructure/queues/image-transformation.queue.ts","statementMap":{"0":{"start":{"line":1,"column":0},"end":{"line":1,"column":31}},"1":{"start":{"line":2,"column":0},"end":{"line":2,"column":28}},"2":{"start":{"line":3,"column":0},"end":{"line":3,"column":28}},"3":{"start":{"line":5,"column":0},"end":{"line":5,"column":16}},"4":{"start":{"line":14,"column":0},"end":{"line":14,"column":null}},"5":{"start":{"line":16,"column":0},"end":{"line":16,"column":null}},"6":{"start":{"line":17,"column":24},"end":{"line":21,"column":2}},"7":{"start":{"line":32,"column":9},"end":{"line":32,"column":24}},"8":{"start":{"line":23,"column":13},"end":{"line":23,"column":null}},"9":{"start":{"line":27,"column":13},"end":{"line":29,"column":3}}},"fnMap":{},"branchMap":{"0":{"loc":{"start":{"line":18,"column":8},"end":{"line":18,"column":41}},"type":"binary-expr","locations":[{"start":{"line":18,"column":8},"end":{"line":18,"column":30}},{"start":{"line":18,"column":34},"end":{"line":18,"column":41}}]},"1":{"loc":{"start":{"line":19,"column":8},"end":{"line":19,"column":46}},"type":"binary-expr","locations":[{"start":{"line":19,"column":8},"end":{"line":19,"column":38}},{"start":{"line":19,"column":42},"end":{"line":19,"column":46}}]}},"s":{"0":2,"1":2,"2":2,"3":2,"4":2,"5":2,"6":2,"7":2,"8":2,"9":2},"f":{},"b":{"0":[2,0],"1":[2,0]}}
,"/Users/albertmontolio/Documents/coding_area/interviews/koerber/images-transformer/src/image/infraestructure/repositories/categorization.repository.ts": {"path":"/Users/albertmontolio/Documents/coding_area/interviews/koerber/images-transformer/src/image/infraestructure/repositories/categorization.repository.ts","statementMap":{"0":{"start":{"line":2,"column":0},"end":{"line":2,"column":49}},"1":{"start":{"line":14,"column":40},"end":{"line":19,"column":6}},"2":{"start":{"line":15,"column":6},"end":{"line":17,"column":null}},"3":{"start":{"line":21,"column":4},"end":{"line":23,"column":null}},"4":{"start":{"line":6,"column":0},"end":{"line":6,"column":13}}},"fnMap":{"0":{"name":"(anonymous_0)","decl":{"start":{"line":7,"column":2},"end":{"line":7,"column":7}},"loc":{"start":{"line":13,"column":3},"end":{"line":24,"column":3}}},"1":{"name":"(anonymous_1)","decl":{"start":{"line":14,"column":51},"end":{"line":14,"column":52}},"loc":{"start":{"line":14,"column":66},"end":{"line":19,"column":5}}}},"branchMap":{},"s":{"0":0,"1":0,"2":0,"3":0,"4":0},"f":{"0":0,"1":0},"b":{}}
,"/Users/albertmontolio/Documents/coding_area/interviews/koerber/images-transformer/src/image/infraestructure/repositories/detected-object.repository.ts": {"path":"/Users/albertmontolio/Documents/coding_area/interviews/koerber/images-transformer/src/image/infraestructure/repositories/detected-object.repository.ts","statementMap":{"0":{"start":{"line":1,"column":0},"end":{"line":1,"column":48}},"1":{"start":{"line":14,"column":26},"end":{"line":16,"column":null}},"2":{"start":{"line":19,"column":4},"end":{"line":19,"column":null}},"3":{"start":{"line":20,"column":4},"end":{"line":26,"column":5}},"4":{"start":{"line":21,"column":6},"end":{"line":23,"column":null}},"5":{"start":{"line":25,"column":6},"end":{"line":25,"column":null}},"6":{"start":{"line":12,"column":0},"end":{"line":12,"column":13}}},"fnMap":{"0":{"name":"(anonymous_0)","decl":{"start":{"line":13,"column":2},"end":{"line":13,"column":7}},"loc":{"start":{"line":13,"column":64},"end":{"line":27,"column":3}}}},"branchMap":{},"s":{"0":2,"1":0,"2":0,"3":0,"4":0,"5":0,"6":2},"f":{"0":0},"b":{}}
,"/Users/albertmontolio/Documents/coding_area/interviews/koerber/images-transformer/src/image/infraestructure/repositories/image.repository.ts": {"path":"/Users/albertmontolio/Documents/coding_area/interviews/koerber/images-transformer/src/image/infraestructure/repositories/image.repository.ts","statementMap":{"0":{"start":{"line":1,"column":0},"end":{"line":1,"column":48}},"1":{"start":{"line":2,"column":0},"end":{"line":2,"column":29}},"2":{"start":{"line":3,"column":0},"end":{"line":3,"column":26}},"3":{"start":{"line":4,"column":0},"end":{"line":4,"column":24}},"4":{"start":{"line":5,"column":0},"end":{"line":5,"column":66}},"5":{"start":{"line":9,"column":4},"end":{"line":9,"column":null}},"6":{"start":{"line":11,"column":26},"end":{"line":11,"column":66}},"7":{"start":{"line":12,"column":22},"end":{"line":12,"column":58}},"8":{"start":{"line":15,"column":18},"end":{"line":15,"column":42}},"9":{"start":{"line":18,"column":21},"end":{"line":18,"column":54}},"10":{"start":{"line":20,"column":26},"end":{"line":39,"column":6}},"11":{"start":{"line":41,"column":4},"end":{"line":41,"column":25}},"12":{"start":{"line":45,"column":4},"end":{"line":53,"column":null}},"13":{"start":{"line":57,"column":19},"end":{"line":64,"column":6}},"14":{"start":{"line":65,"column":4},"end":{"line":65,"column":18}},"15":{"start":{"line":70,"column":4},"end":{"line":83,"column":5}},"16":{"start":{"line":72,"column":6},"end":{"line":72,"column":51}},"17":{"start":{"line":73,"column":6},"end":{"line":73,"column":38}},"18":{"start":{"line":74,"column":6},"end":{"line":74,"column":49}},"19":{"start":{"line":75,"column":6},"end":{"line":75,"column":49}},"20":{"start":{"line":78,"column":6},"end":{"line":78,"column":40}},"21":{"start":{"line":80,"column":6},"end":{"line":80,"column":65}},"22":{"start":{"line":82,"column":6},"end":{"line":82,"column":51}},"23":{"start":{"line":7,"column":0},"end":{"line":7,"column":13}}},"fnMap":{"0":{"name":"(anonymous_1)","decl":{"start":{"line":8,"column":2},"end":{"line":8,"column":7}},"loc":{"start":{"line":8,"column":32},"end":{"line":42,"column":3}}},"1":{"name":"(anonymous_2)","decl":{"start":{"line":44,"column":2},"end":{"line":44,"column":7}},"loc":{"start":{"line":44,"column":26},"end":{"line":54,"column":3}}},"2":{"name":"(anonymous_3)","decl":{"start":{"line":56,"column":2},"end":{"line":56,"column":7}},"loc":{"start":{"line":56,"column":15},"end":{"line":66,"column":3}}},"3":{"name":"(anonymous_4)","decl":{"start":{"line":68,"column":2},"end":{"line":68,"column":7}},"loc":{"start":{"line":68,"column":35},"end":{"line":84,"column":3}}}},"branchMap":{},"s":{"0":2,"1":2,"2":2,"3":2,"4":2,"5":0,"6":0,"7":0,"8":0,"9":0,"10":0,"11":0,"12":0,"13":0,"14":0,"15":0,"16":0,"17":0,"18":0,"19":0,"20":0,"21":0,"22":0,"23":2},"f":{"0":0,"1":0,"2":0,"3":0},"b":{}}
,"/Users/albertmontolio/Documents/coding_area/interviews/koerber/images-transformer/src/image/infraestructure/repositories/log.repository.ts": {"path":"/Users/albertmontolio/Documents/coding_area/interviews/koerber/images-transformer/src/image/infraestructure/repositories/log.repository.ts","statementMap":{"0":{"start":{"line":1,"column":0},"end":{"line":1,"column":49}},"1":{"start":{"line":11,"column":4},"end":{"line":20,"column":5}},"2":{"start":{"line":12,"column":6},"end":{"line":17,"column":null}},"3":{"start":{"line":19,"column":6},"end":{"line":19,"column":null}},"4":{"start":{"line":30,"column":16},"end":{"line":35,"column":6}},"5":{"start":{"line":37,"column":4},"end":{"line":37,"column":15}},"6":{"start":{"line":49,"column":4},"end":{"line":56,"column":null}},"7":{"start":{"line":3,"column":0},"end":{"line":3,"column":13}}},"fnMap":{"0":{"name":"(anonymous_0)","decl":{"start":{"line":4,"column":2},"end":{"line":4,"column":7}},"loc":{"start":{"line":10,"column":3},"end":{"line":21,"column":3}}},"1":{"name":"(anonymous_1)","decl":{"start":{"line":23,"column":2},"end":{"line":23,"column":7}},"loc":{"start":{"line":29,"column":3},"end":{"line":38,"column":3}}},"2":{"name":"(anonymous_2)","decl":{"start":{"line":40,"column":2},"end":{"line":40,"column":7}},"loc":{"start":{"line":48,"column":3},"end":{"line":57,"column":3}}}},"branchMap":{},"s":{"0":2,"1":0,"2":0,"3":0,"4":0,"5":0,"6":0,"7":2},"f":{"0":0,"1":0,"2":0},"b":{}}
,"/Users/albertmontolio/Documents/coding_area/interviews/koerber/images-transformer/src/image/infraestructure/repositories/transformed-image.repository.ts": {"path":"/Users/albertmontolio/Documents/coding_area/interviews/koerber/images-transformer/src/image/infraestructure/repositories/transformed-image.repository.ts","statementMap":{"0":{"start":{"line":2,"column":0},"end":{"line":2,"column":48}},"1":{"start":{"line":21,"column":4},"end":{"line":21,"column":null}},"2":{"start":{"line":22,"column":4},"end":{"line":34,"column":5}},"3":{"start":{"line":23,"column":31},"end":{"line":28,"column":8}},"4":{"start":{"line":30,"column":6},"end":{"line":30,"column":30}},"5":{"start":{"line":32,"column":6},"end":{"line":32,"column":null}},"6":{"start":{"line":33,"column":6},"end":{"line":33,"column":18}},"7":{"start":{"line":44,"column":4},"end":{"line":51,"column":null}},"8":{"start":{"line":55,"column":4},"end":{"line":55,"column":52}},"9":{"start":{"line":13,"column":0},"end":{"line":13,"column":13}}},"fnMap":{"0":{"name":"(anonymous_0)","decl":{"start":{"line":14,"column":2},"end":{"line":14,"column":7}},"loc":{"start":{"line":20,"column":3},"end":{"line":35,"column":3}}},"1":{"name":"(anonymous_1)","decl":{"start":{"line":37,"column":2},"end":{"line":37,"column":7}},"loc":{"start":{"line":43,"column":3},"end":{"line":52,"column":3}}},"2":{"name":"(anonymous_2)","decl":{"start":{"line":54,"column":2},"end":{"line":54,"column":7}},"loc":{"start":{"line":54,"column":15},"end":{"line":56,"column":3}}}},"branchMap":{},"s":{"0":0,"1":0,"2":0,"3":0,"4":0,"5":0,"6":0,"7":0,"8":0,"9":0},"f":{"0":0,"1":0,"2":0},"b":{}}
,"/Users/albertmontolio/Documents/coding_area/interviews/koerber/images-transformer/src/image/infraestructure/routes/image.routes.ts": {"path":"/Users/albertmontolio/Documents/coding_area/interviews/koerber/images-transformer/src/image/infraestructure/routes/image.routes.ts","statementMap":{"0":{"start":{"line":1,"column":0},"end":{"line":1,"column":61}},"1":{"start":{"line":2,"column":0},"end":{"line":2,"column":56}},"2":{"start":{"line":3,"column":0},"end":{"line":3,"column":24}},"3":{"start":{"line":5,"column":0},"end":{"line":5,"column":null}},"4":{"start":{"line":7,"column":15},"end":{"line":7,"column":31}},"5":{"start":{"line":9,"column":17},"end":{"line":11,"column":2}},"6":{"start":{"line":13,"column":0},"end":{"line":20,"column":3}},"7":{"start":{"line":14,"column":2},"end":{"line":19,"column":3}},"8":{"start":{"line":15,"column":19},"end":{"line":15,"column":63}},"9":{"start":{"line":16,"column":4},"end":{"line":16,"column":21}},"10":{"start":{"line":18,"column":4},"end":{"line":18,"column":62}},"11":{"start":{"line":22,"column":0},"end":{"line":32,"column":3}},"12":{"start":{"line":23,"column":18},"end":{"line":23,"column":31}},"13":{"start":{"line":24,"column":2},"end":{"line":27,"column":3}},"14":{"start":{"line":25,"column":4},"end":{"line":25,"column":54}},"15":{"start":{"line":26,"column":4},"end":{"line":26,"column":10}},"16":{"start":{"line":29,"column":16},"end":{"line":29,"column":67}},"17":{"start":{"line":31,"column":2},"end":{"line":31,"column":18}},"18":{"start":{"line":34,"column":0},"end":{"line":34,"column":22}}},"fnMap":{"0":{"name":"(anonymous_1)","decl":{"start":{"line":13,"column":16},"end":{"line":13,"column":21}},"loc":{"start":{"line":13,"column":36},"end":{"line":20,"column":1}}},"1":{"name":"(anonymous_2)","decl":{"start":{"line":22,"column":19},"end":{"line":22,"column":24}},"loc":{"start":{"line":22,"column":38},"end":{"line":32,"column":1}}}},"branchMap":{"0":{"loc":{"start":{"line":24,"column":2},"end":{"line":27,"column":3}},"type":"if","locations":[{"start":{"line":24,"column":2},"end":{"line":27,"column":3}}]}},"s":{"0":1,"1":1,"2":1,"3":1,"4":1,"5":1,"6":1,"7":0,"8":0,"9":0,"10":0,"11":1,"12":0,"13":0,"14":0,"15":0,"16":0,"17":0,"18":1},"f":{"0":0,"1":0},"b":{"0":[0]}}
,"/Users/albertmontolio/Documents/coding_area/interviews/koerber/images-transformer/src/image/infraestructure/services/categorize-image.service.ts": {"path":"/Users/albertmontolio/Documents/coding_area/interviews/koerber/images-transformer/src/image/infraestructure/services/categorize-image.service.ts","statementMap":{"0":{"start":{"line":1,"column":0},"end":{"line":1,"column":44}},"1":{"start":{"line":2,"column":0},"end":{"line":2,"column":58}},"2":{"start":{"line":3,"column":0},"end":{"line":3,"column":26}},"3":{"start":{"line":5,"column":0},"end":{"line":5,"column":20}},"4":{"start":{"line":12,"column":4},"end":{"line":12,"column":59}},"5":{"start":{"line":13,"column":4},"end":{"line":16,"column":5}},"6":{"start":{"line":14,"column":6},"end":{"line":14,"column":63}},"7":{"start":{"line":15,"column":6},"end":{"line":15,"column":62}},"8":{"start":{"line":18,"column":22},"end":{"line":18,"column":26}},"9":{"start":{"line":19,"column":4},"end":{"line":23,"column":5}},"10":{"start":{"line":20,"column":6},"end":{"line":20,"column":54}},"11":{"start":{"line":22,"column":6},"end":{"line":22,"column":null}},"12":{"start":{"line":24,"column":4},"end":{"line":46,"column":5}},"13":{"start":{"line":26,"column":6},"end":{"line":26,"column":null}},"14":{"start":{"line":27,"column":23},"end":{"line":27,"column":58}},"15":{"start":{"line":28,"column":6},"end":{"line":28,"column":51}},"16":{"start":{"line":30,"column":26},"end":{"line":30,"column":61}},"17":{"start":{"line":31,"column":6},"end":{"line":31,"column":null}},"18":{"start":{"line":32,"column":28},"end":{"line":32,"column":49}},"19":{"start":{"line":34,"column":20},"end":{"line":34,"column":42}},"20":{"start":{"line":36,"column":40},"end":{"line":36,"column":75}},"21":{"start":{"line":37,"column":6},"end":{"line":37,"column":38}},"22":{"start":{"line":38,"column":6},"end":{"line":40,"column":9}},"23":{"start":{"line":39,"column":8},"end":{"line":39,"column":78}},"24":{"start":{"line":42,"column":6},"end":{"line":42,"column":25}},"25":{"start":{"line":44,"column":6},"end":{"line":44,"column":57}},"26":{"start":{"line":45,"column":6},"end":{"line":45,"column":16}},"27":{"start":{"line":7,"column":0},"end":{"line":7,"column":13}}},"fnMap":{"0":{"name":"(anonymous_10)","decl":{"start":{"line":10,"column":2},"end":{"line":10,"column":7}},"loc":{"start":{"line":10,"column":33},"end":{"line":47,"column":3}}},"1":{"name":"(anonymous_11)","decl":{"start":{"line":38,"column":26},"end":{"line":38,"column":27}},"loc":{"start":{"line":38,"column":41},"end":{"line":40,"column":7}}}},"branchMap":{"0":{"loc":{"start":{"line":13,"column":4},"end":{"line":16,"column":5}},"type":"if","locations":[{"start":{"line":13,"column":4},"end":{"line":16,"column":5}}]}},"s":{"0":0,"1":0,"2":0,"3":0,"4":0,"5":0,"6":0,"7":0,"8":0,"9":0,"10":0,"11":0,"12":0,"13":0,"14":0,"15":0,"16":0,"17":0,"18":0,"19":0,"20":0,"21":0,"22":0,"23":0,"24":0,"25":0,"26":0,"27":0},"f":{"0":0,"1":0},"b":{"0":[0]}}
,"/Users/albertmontolio/Documents/coding_area/interviews/koerber/images-transformer/src/image/infraestructure/services/detect-objects.service.ts": {"path":"/Users/albertmontolio/Documents/coding_area/interviews/koerber/images-transformer/src/image/infraestructure/services/detect-objects.service.ts","statementMap":{"0":{"start":{"line":1,"column":0},"end":{"line":1,"column":44}},"1":{"start":{"line":2,"column":0},"end":{"line":2,"column":55}},"2":{"start":{"line":3,"column":0},"end":{"line":3,"column":26}},"3":{"start":{"line":5,"column":0},"end":{"line":5,"column":24}},"4":{"start":{"line":6,"column":0},"end":{"line":6,"column":46}},"5":{"start":{"line":16,"column":22},"end":{"line":16,"column":59}},"6":{"start":{"line":18,"column":21},"end":{"line":18,"column":54}},"7":{"start":{"line":19,"column":26},"end":{"line":19,"column":41}},"8":{"start":{"line":20,"column":27},"end":{"line":20,"column":43}},"9":{"start":{"line":22,"column":31},"end":{"line":25,"column":19}},"10":{"start":{"line":28,"column":22},"end":{"line":28,"column":64}},"11":{"start":{"line":32,"column":4},"end":{"line":34,"column":5}},"12":{"start":{"line":33,"column":6},"end":{"line":33,"column":42}},"13":{"start":{"line":37,"column":24},"end":{"line":37,"column":43}},"14":{"start":{"line":38,"column":4},"end":{"line":38,"column":63}},"15":{"start":{"line":39,"column":4},"end":{"line":39,"column":63}},"16":{"start":{"line":42,"column":4},"end":{"line":44,"column":5}},"17":{"start":{"line":43,"column":6},"end":{"line":43,"column":87}},"18":{"start":{"line":47,"column":18},"end":{"line":47,"column":38}},"19":{"start":{"line":49,"column":4},"end":{"line":58,"column":5}},"20":{"start":{"line":51,"column":26},"end":{"line":51,"column":57}},"21":{"start":{"line":52,"column":6},"end":{"line":52,"column":28}},"22":{"start":{"line":53,"column":6},"end":{"line":53,"column":28}},"23":{"start":{"line":55,"column":6},"end":{"line":55,"column":null}},"24":{"start":{"line":57,"column":6},"end":{"line":57,"column":null}},"25":{"start":{"line":14,"column":0},"end":{"line":14,"column":13}}},"fnMap":{"0":{"name":"(anonymous_10)","decl":{"start":{"line":15,"column":2},"end":{"line":15,"column":7}},"loc":{"start":{"line":15,"column":28},"end":{"line":59,"column":3}}}},"branchMap":{"0":{"loc":{"start":{"line":42,"column":4},"end":{"line":44,"column":5}},"type":"if","locations":[{"start":{"line":42,"column":4},"end":{"line":44,"column":5}}]}},"s":{"0":2,"1":2,"2":2,"3":2,"4":2,"5":0,"6":0,"7":0,"8":0,"9":0,"10":0,"11":0,"12":0,"13":0,"14":0,"15":0,"16":0,"17":0,"18":0,"19":0,"20":0,"21":0,"22":0,"23":0,"24":0,"25":2},"f":{"0":0},"b":{"0":[0]}}
,"/Users/albertmontolio/Documents/coding_area/interviews/koerber/images-transformer/src/image/infraestructure/services/transform-image.service.ts": {"path":"/Users/albertmontolio/Documents/coding_area/interviews/koerber/images-transformer/src/image/infraestructure/services/transform-image.service.ts","statementMap":{"0":{"start":{"line":1,"column":0},"end":{"line":1,"column":37}},"1":{"start":{"line":2,"column":0},"end":{"line":2,"column":24}},"2":{"start":{"line":3,"column":0},"end":{"line":3,"column":90}},"3":{"start":{"line":4,"column":0},"end":{"line":4,"column":68}},"4":{"start":{"line":16,"column":4},"end":{"line":16,"column":null}},"5":{"start":{"line":32,"column":37},"end":{"line":32,"column":100}},"6":{"start":{"line":33,"column":4},"end":{"line":33,"column":null}},"7":{"start":{"line":35,"column":29},"end":{"line":38,"column":6}},"8":{"start":{"line":40,"column":4},"end":{"line":42,"column":5}},"9":{"start":{"line":41,"column":6},"end":{"line":41,"column":13}},"10":{"start":{"line":44,"column":26},"end":{"line":44,"column":45}},"11":{"start":{"line":46,"column":4},"end":{"line":98,"column":5}},"12":{"start":{"line":48,"column":25},"end":{"line":48,"column":41}},"13":{"start":{"line":49,"column":32},"end":{"line":49,"column":59}},"14":{"start":{"line":51,"column":26},"end":{"line":51,"column":30}},"15":{"start":{"line":52,"column":22},"end":{"line":52,"column":41}},"16":{"start":{"line":53,"column":27},"end":{"line":53,"column":42}},"17":{"start":{"line":54,"column":28},"end":{"line":54,"column":44}},"18":{"start":{"line":56,"column":28},"end":{"line":56,"column":62}},"19":{"start":{"line":57,"column":6},"end":{"line":57,"column":null}},"20":{"start":{"line":58,"column":6},"end":{"line":64,"column":null}},"21":{"start":{"line":66,"column":6},"end":{"line":66,"column":null}},"22":{"start":{"line":67,"column":6},"end":{"line":67,"column":null}},"23":{"start":{"line":68,"column":26},"end":{"line":71,"column":null}},"24":{"start":{"line":72,"column":6},"end":{"line":75,"column":null}},"25":{"start":{"line":77,"column":6},"end":{"line":82,"column":null}},"26":{"start":{"line":83,"column":6},"end":{"line":86,"column":null}},"27":{"start":{"line":88,"column":34},"end":{"line":88,"column":93}},"28":{"start":{"line":89,"column":6},"end":{"line":89,"column":null}},"29":{"start":{"line":91,"column":6},"end":{"line":93,"column":37}},"30":{"start":{"line":95,"column":6},"end":{"line":95,"column":51}},"31":{"start":{"line":97,"column":6},"end":{"line":97,"column":54}},"32":{"start":{"line":112,"column":4},"end":{"line":122,"column":null}},"33":{"start":{"line":126,"column":22},"end":{"line":129,"column":6}},"34":{"start":{"line":126,"column":43},"end":{"line":129,"column":6}},"35":{"start":{"line":128,"column":35},"end":{"line":128,"column":50}},"36":{"start":{"line":131,"column":17},"end":{"line":139,"column":5}},"37":{"start":{"line":132,"column":20},"end":{"line":132,"column":37}},"38":{"start":{"line":134,"column":6},"end":{"line":138,"column":null}},"39":{"start":{"line":136,"column":37},"end":{"line":136,"column":52}},"40":{"start":{"line":141,"column":20},"end":{"line":149,"column":5}},"41":{"start":{"line":142,"column":20},"end":{"line":142,"column":52}},"42":{"start":{"line":144,"column":6},"end":{"line":148,"column":null}},"43":{"start":{"line":146,"column":37},"end":{"line":146,"column":82}},"44":{"start":{"line":151,"column":17},"end":{"line":159,"column":5}},"45":{"start":{"line":152,"column":20},"end":{"line":152,"column":103}},"46":{"start":{"line":154,"column":6},"end":{"line":158,"column":null}},"47":{"start":{"line":156,"column":37},"end":{"line":156,"column":52}},"48":{"start":{"line":161,"column":26},"end":{"line":161,"column":60}},"49":{"start":{"line":163,"column":25},"end":{"line":163,"column":73}},"50":{"start":{"line":164,"column":25},"end":{"line":164,"column":52}},"51":{"start":{"line":165,"column":41},"end":{"line":165,"column":55}},"52":{"start":{"line":167,"column":4},"end":{"line":167,"column":23}},"53":{"start":{"line":169,"column":4},"end":{"line":169,"column":26}},"54":{"start":{"line":173,"column":4},"end":{"line":173,"column":61}},"55":{"start":{"line":12,"column":0},"end":{"line":12,"column":13}}},"fnMap":{"0":{"name":"(anonymous_1)","decl":{"start":{"line":15,"column":2},"end":{"line":15,"column":null}},"loc":{"start":{"line":15,"column":2},"end":{"line":17,"column":3}}},"1":{"name":"(anonymous_2)","decl":{"start":{"line":19,"column":2},"end":{"line":19,"column":7}},"loc":{"start":{"line":29,"column":3},"end":{"line":99,"column":3}}},"2":{"name":"(anonymous_3)","decl":{"start":{"line":101,"column":10},"end":{"line":101,"column":24}},"loc":{"start":{"line":111,"column":3},"end":{"line":123,"column":3}}},"3":{"name":"(anonymous_4)","decl":{"start":{"line":125,"column":10},"end":{"line":125,"column":27}},"loc":{"start":{"line":125,"column":40},"end":{"line":170,"column":3}}},"4":{"name":"(anonymous_5)","decl":{"start":{"line":126,"column":22},"end":{"line":126,"column":39}},"loc":{"start":{"line":126,"column":43},"end":{"line":129,"column":6}}},"5":{"name":"(anonymous_6)","decl":{"start":{"line":128,"column":19},"end":{"line":128,"column":20}},"loc":{"start":{"line":128,"column":35},"end":{"line":128,"column":50}}},"6":{"name":"(anonymous_7)","decl":{"start":{"line":131,"column":17},"end":{"line":131,"column":34}},"loc":{"start":{"line":131,"column":36},"end":{"line":139,"column":5}}},"7":{"name":"(anonymous_8)","decl":{"start":{"line":136,"column":21},"end":{"line":136,"column":22}},"loc":{"start":{"line":136,"column":37},"end":{"line":136,"column":52}}},"8":{"name":"(anonymous_9)","decl":{"start":{"line":141,"column":20},"end":{"line":141,"column":37}},"loc":{"start":{"line":141,"column":39},"end":{"line":149,"column":5}}},"9":{"name":"(anonymous_10)","decl":{"start":{"line":146,"column":21},"end":{"line":146,"column":22}},"loc":{"start":{"line":146,"column":37},"end":{"line":146,"column":82}}},"10":{"name":"(anonymous_11)","decl":{"start":{"line":151,"column":17},"end":{"line":151,"column":34}},"loc":{"start":{"line":151,"column":36},"end":{"line":159,"column":5}}},"11":{"name":"(anonymous_12)","decl":{"start":{"line":156,"column":21},"end":{"line":156,"column":22}},"loc":{"start":{"line":156,"column":37},"end":{"line":156,"column":52}}},"12":{"name":"(anonymous_13)","decl":{"start":{"line":172,"column":10},"end":{"line":172,"column":19}},"loc":{"start":{"line":172,"column":44},"end":{"line":174,"column":3}}}},"branchMap":{"0":{"loc":{"start":{"line":40,"column":4},"end":{"line":42,"column":5}},"type":"if","locations":[{"start":{"line":40,"column":4},"end":{"line":42,"column":5}}]},"1":{"loc":{"start":{"line":61,"column":23},"end":{"line":61,"column":54}},"type":"cond-expr","locations":[{"start":{"line":61,"column":42},"end":{"line":61,"column":44}},{"start":{"line":61,"column":42},"end":{"line":61,"column":54}}]},"2":{"loc":{"start":{"line":61,"column":23},"end":{"line":61,"column":44}},"type":"binary-expr","locations":[{"start":{"line":61,"column":23},"end":{"line":61,"column":44}},{"start":{"line":61,"column":42},"end":{"line":61,"column":44}}]}},"s":{"0":0,"1":0,"2":0,"3":0,"4":0,"5":0,"6":0,"7":0,"8":0,"9":0,"10":0,"11":0,"12":0,"13":0,"14":0,"15":0,"16":0,"17":0,"18":0,"19":0,"20":0,"21":0,"22":0,"23":0,"24":0,"25":0,"26":0,"27":0,"28":0,"29":0,"30":0,"31":0,"32":0,"33":0,"34":0,"35":0,"36":0,"37":0,"38":0,"39":0,"40":0,"41":0,"42":0,"43":0,"44":0,"45":0,"46":0,"47":0,"48":0,"49":0,"50":0,"51":0,"52":0,"53":0,"54":0,"55":0},"f":{"0":0,"1":0,"2":0,"3":0,"4":0,"5":0,"6":0,"7":0,"8":0,"9":0,"10":0,"11":0,"12":0},"b":{"0":[0],"1":[0,0],"2":[0,0]}}
,"/Users/albertmontolio/Documents/coding_area/interviews/koerber/images-transformer/src/image/infraestructure/workers/categorize-image.worker.ts": {"path":"/Users/albertmontolio/Documents/coding_area/interviews/koerber/images-transformer/src/image/infraestructure/workers/categorize-image.worker.ts","statementMap":{"0":{"start":{"line":1,"column":0},"end":{"line":1,"column":32}},"1":{"start":{"line":2,"column":0},"end":{"line":2,"column":110}},"2":{"start":{"line":3,"column":0},"end":{"line":3,"column":78}},"3":{"start":{"line":4,"column":0},"end":{"line":4,"column":63}},"4":{"start":{"line":5,"column":0},"end":{"line":5,"column":111}},"5":{"start":{"line":8,"column":31},"end":{"line":8,"column":59}},"6":{"start":{"line":9,"column":22},"end":{"line":9,"column":41}},"7":{"start":{"line":10,"column":33},"end":{"line":10,"column":63}},"8":{"start":{"line":12,"column":30},"end":{"line":39,"column":null}},"9":{"start":{"line":15,"column":39},"end":{"line":15,"column":47}},"10":{"start":{"line":16,"column":8},"end":{"line":16,"column":null}},"11":{"start":{"line":18,"column":8},"end":{"line":21,"column":null}},"12":{"start":{"line":22,"column":28},"end":{"line":22,"column":75}},"13":{"start":{"line":23,"column":8},"end":{"line":26,"column":null}},"14":{"start":{"line":28,"column":51},"end":{"line":33,"column":10}},"15":{"start":{"line":29,"column":12},"end":{"line":32,"column":null}},"16":{"start":{"line":34,"column":8},"end":{"line":37,"column":null}},"17":{"start":{"line":43,"column":0},"end":{"line":45,"column":3}},"18":{"start":{"line":44,"column":4},"end":{"line":44,"column":83}},"19":{"start":{"line":47,"column":0},"end":{"line":49,"column":3}},"20":{"start":{"line":48,"column":4},"end":{"line":48,"column":84}},"21":{"start":{"line":51,"column":0},"end":{"line":53,"column":3}},"22":{"start":{"line":52,"column":2},"end":{"line":52,"column":57}},"23":{"start":{"line":55,"column":0},"end":{"line":55,"column":55}}},"fnMap":{"0":{"name":"(anonymous_0)","decl":{"start":{"line":13,"column":4},"end":{"line":13,"column":9}},"loc":{"start":{"line":13,"column":51},"end":{"line":38,"column":5}}},"1":{"name":"(anonymous_1)","decl":{"start":{"line":28,"column":67},"end":{"line":28,"column":68}},"loc":{"start":{"line":28,"column":82},"end":{"line":33,"column":9}}},"2":{"name":"(anonymous_2)","decl":{"start":{"line":43,"column":38},"end":{"line":43,"column":39}},"loc":{"start":{"line":43,"column":46},"end":{"line":45,"column":1}}},"3":{"name":"(anonymous_3)","decl":{"start":{"line":47,"column":35},"end":{"line":47,"column":36}},"loc":{"start":{"line":47,"column":48},"end":{"line":49,"column":1}}},"4":{"name":"(anonymous_4)","decl":{"start":{"line":51,"column":34},"end":{"line":51,"column":35}},"loc":{"start":{"line":51,"column":42},"end":{"line":53,"column":1}}}},"branchMap":{},"s":{"0":0,"1":0,"2":0,"3":0,"4":0,"5":0,"6":0,"7":0,"8":0,"9":0,"10":0,"11":0,"12":0,"13":0,"14":0,"15":0,"16":0,"17":0,"18":0,"19":0,"20":0,"21":0,"22":0,"23":0},"f":{"0":0,"1":0,"2":0,"3":0,"4":0},"b":{}}
,"/Users/albertmontolio/Documents/coding_area/interviews/koerber/images-transformer/src/image/infraestructure/workers/transform-image.worker.ts": {"path":"/Users/albertmontolio/Documents/coding_area/interviews/koerber/images-transformer/src/image/infraestructure/workers/transform-image.worker.ts","statementMap":{"0":{"start":{"line":1,"column":0},"end":{"line":1,"column":32}},"1":{"start":{"line":2,"column":0},"end":{"line":2,"column":110}},"2":{"start":{"line":3,"column":0},"end":{"line":3,"column":76}},"3":{"start":{"line":5,"column":0},"end":{"line":5,"column":63}},"4":{"start":{"line":11,"column":30},"end":{"line":11,"column":57}},"5":{"start":{"line":12,"column":22},"end":{"line":12,"column":41}},"6":{"start":{"line":14,"column":29},"end":{"line":32,"column":null}},"7":{"start":{"line":18,"column":61},"end":{"line":18,"column":69}},"8":{"start":{"line":20,"column":4},"end":{"line":20,"column":null}},"9":{"start":{"line":22,"column":4},"end":{"line":27,"column":null}},"10":{"start":{"line":28,"column":4},"end":{"line":28,"column":null}},"11":{"start":{"line":30,"column":4},"end":{"line":30,"column":null}},"12":{"start":{"line":36,"column":0},"end":{"line":39,"column":3}},"13":{"start":{"line":37,"column":2},"end":{"line":37,"column":76}},"14":{"start":{"line":38,"column":2},"end":{"line":38,"column":null}},"15":{"start":{"line":41,"column":0},"end":{"line":43,"column":3}},"16":{"start":{"line":42,"column":2},"end":{"line":42,"column":77}},"17":{"start":{"line":45,"column":0},"end":{"line":47,"column":3}},"18":{"start":{"line":46,"column":0},"end":{"line":46,"column":50}},"19":{"start":{"line":49,"column":0},"end":{"line":49,"column":50}}},"fnMap":{"0":{"name":"(anonymous_0)","decl":{"start":{"line":16,"column":2},"end":{"line":16,"column":7}},"loc":{"start":{"line":16,"column":21},"end":{"line":31,"column":3}}},"1":{"name":"(anonymous_1)","decl":{"start":{"line":36,"column":37},"end":{"line":36,"column":38}},"loc":{"start":{"line":36,"column":45},"end":{"line":39,"column":1}}},"2":{"name":"(anonymous_2)","decl":{"start":{"line":41,"column":34},"end":{"line":41,"column":35}},"loc":{"start":{"line":41,"column":47},"end":{"line":43,"column":1}}},"3":{"name":"(anonymous_3)","decl":{"start":{"line":45,"column":33},"end":{"line":45,"column":34}},"loc":{"start":{"line":45,"column":41},"end":{"line":47,"column":1}}}},"branchMap":{},"s":{"0":0,"1":0,"2":0,"3":0,"4":0,"5":0,"6":0,"7":0,"8":0,"9":0,"10":0,"11":0,"12":0,"13":0,"14":0,"15":0,"16":0,"17":0,"18":0,"19":0},"f":{"0":0,"1":0,"2":0,"3":0},"b":{}}
,"/Users/albertmontolio/Documents/coding_area/interviews/koerber/images-transformer/src/image/utils/dependencies.ts": {"path":"/Users/albertmontolio/Documents/coding_area/interviews/koerber/images-transformer/src/image/utils/dependencies.ts","statementMap":{"0":{"start":{"line":1,"column":0},"end":{"line":1,"column":78}},"1":{"start":{"line":2,"column":0},"end":{"line":2,"column":88}},"2":{"start":{"line":3,"column":0},"end":{"line":3,"column":83}},"3":{"start":{"line":6,"column":24},"end":{"line":6,"column":45}},"4":{"start":{"line":7,"column":29},"end":{"line":7,"column":55}},"5":{"start":{"line":8,"column":24},"end":{"line":8,"column":45}},"6":{"start":{"line":10,"column":13},"end":{"line":14,"column":2}}},"fnMap":{},"branchMap":{},"s":{"0":1,"1":1,"2":1,"3":1,"4":1,"5":1,"6":1},"f":{},"b":{}}
,"/Users/albertmontolio/Documents/coding_area/interviews/koerber/images-transformer/src/shared/errors/exception-base.ts": {"path":"/Users/albertmontolio/Documents/coding_area/interviews/koerber/images-transformer/src/shared/errors/exception-base.ts","statementMap":{"0":{"start":{"line":5,"column":4},"end":{"line":5,"column":null}},"1":{"start":{"line":3,"column":0},"end":{"line":3,"column":13}}},"fnMap":{"0":{"name":"(anonymous_0)","decl":{"start":{"line":4,"column":2},"end":{"line":4,"column":14}},"loc":{"start":{"line":4,"column":37},"end":{"line":6,"column":3}}}},"branchMap":{},"s":{"0":1,"1":2},"f":{"0":1},"b":{}}
}
